{"/src/server.ts": {"path":"/src/server.ts","statementMap":{"0":{"start":{"line":1,"column":0},"end":{"line":1,"column":27}},"1":{"start":{"line":3,"column":0},"end":{"line":3,"column":30}},"2":{"start":{"line":4,"column":0},"end":{"line":4,"column":41}},"3":{"start":{"line":5,"column":0},"end":{"line":5,"column":37}},"4":{"start":{"line":6,"column":0},"end":{"line":6,"column":44}},"5":{"start":{"line":8,"column":13},"end":{"line":8,"column":29}},"6":{"start":{"line":9,"column":24},"end":{"line":9,"column":35}},"7":{"start":{"line":11,"column":0},"end":{"line":11,"column":24}},"8":{"start":{"line":12,"column":0},"end":{"line":12,"column":27}},"9":{"start":{"line":13,"column":0},"end":{"line":13,"column":51}},"10":{"start":{"line":15,"column":0},"end":{"line":15,"column":16}},"11":{"start":{"line":17,"column":0},"end":{"line":19,"column":2}},"12":{"start":{"line":17,"column":11},"end":{"line":19,"column":2}},"13":{"start":{"line":18,"column":2},"end":{"line":18,"column":40}},"14":{"start":{"line":21,"column":0},"end":{"line":25,"column":null}},"15":{"start":{"line":22,"column":2},"end":{"line":24,"column":5}},"16":{"start":{"line":23,"column":4},"end":{"line":23,"column":75}}},"fnMap":{"0":{"name":"(anonymous_8)","decl":{"start":{"line":17,"column":0},"end":{"line":17,"column":9}},"loc":{"start":{"line":17,"column":11},"end":{"line":19,"column":2}}},"1":{"name":"(anonymous_9)","decl":{"start":{"line":17,"column":11},"end":{"line":17,"column":null}},"loc":{"start":{"line":17,"column":11},"end":{"line":19,"column":1}}},"2":{"name":"(anonymous_10)","decl":{"start":{"line":22,"column":19},"end":{"line":22,"column":22}},"loc":{"start":{"line":22,"column":24},"end":{"line":24,"column":3}}}},"branchMap":{"0":{"loc":{"start":{"line":9,"column":8},"end":{"line":9,"column":19}},"type":"default-arg","locations":[{"start":{"line":9,"column":15},"end":{"line":9,"column":19}}]},"1":{"loc":{"start":{"line":21,"column":0},"end":{"line":25,"column":null}},"type":"if","locations":[{"start":{"line":21,"column":0},"end":{"line":25,"column":null}}]}},"s":{"0":8,"1":8,"2":8,"3":8,"4":8,"5":8,"6":8,"7":8,"8":8,"9":8,"10":8,"11":8,"12":0,"13":0,"14":8,"15":0,"16":0},"f":{"0":0,"1":0,"2":0},"b":{"0":[0],"1":[0]}}
,"/src/src/config/database.js": {"path":"/src/src/config/database.js","statementMap":{"0":{"start":{"line":1,"column":0},"end":{"line":1,"column":27}},"1":{"start":{"line":3,"column":75},"end":{"line":3,"column":86}},"2":{"start":{"line":5,"column":0},"end":{"line":27,"column":2}}},"fnMap":{},"branchMap":{},"s":{"0":10,"1":10,"2":10},"f":{},"b":{},"inputSourceMap":null,"_coverageSchema":"1a1c01bbd47fc00a2c39e90264f33305004495a9","hash":"09b5e0f8ebe60027222d0fa23e5649950b258ad5"}
,"/src/src/entities/drug.ts": {"path":"/src/src/entities/drug.ts","statementMap":{"0":{"start":{"line":1,"column":0},"end":{"line":1,"column":87}},"1":{"start":{"line":4,"column":15},"end":{"line":24,"column":null}},"2":{"start":{"line":5,"column":2},"end":{"line":8,"column":null}},"3":{"start":{"line":10,"column":2},"end":{"line":11,"column":null}},"4":{"start":{"line":13,"column":2},"end":{"line":14,"column":null}},"5":{"start":{"line":16,"column":2},"end":{"line":17,"column":null}},"6":{"start":{"line":19,"column":2},"end":{"line":20,"column":null}},"7":{"start":{"line":22,"column":2},"end":{"line":23,"column":null}},"8":{"start":{"line":4,"column":21},"end":{"line":24,"column":null}},"9":{"start":{"line":4,"column":21},"end":{"line":4,"column":26}}},"fnMap":{},"branchMap":{},"s":{"0":10,"1":10,"2":10,"3":10,"4":10,"5":10,"6":10,"7":10,"8":10,"9":10},"f":{},"b":{}}
,"/src/src/entities/index.ts": {"path":"/src/src/entities/index.ts","statementMap":{"0":{"start":{"line":1,"column":0},"end":{"line":1,"column":26}},"1":{"start":{"line":2,"column":0},"end":{"line":2,"column":26}},"2":{"start":{"line":4,"column":15},"end":{"line":4,"column":27}},"3":{"start":{"line":6,"column":0},"end":{"line":6,"column":22}}},"fnMap":{},"branchMap":{},"s":{"0":10,"1":10,"2":10,"3":10},"f":{},"b":{}}
,"/src/src/entities/user.ts": {"path":"/src/src/entities/user.ts","statementMap":{"0":{"start":{"line":1,"column":0},"end":{"line":1,"column":null}},"1":{"start":{"line":12,"column":15},"end":{"line":26,"column":null}},"2":{"start":{"line":13,"column":2},"end":{"line":16,"column":null}},"3":{"start":{"line":18,"column":2},"end":{"line":19,"column":null}},"4":{"start":{"line":21,"column":2},"end":{"line":22,"column":null}},"5":{"start":{"line":24,"column":2},"end":{"line":25,"column":null}},"6":{"start":{"line":12,"column":21},"end":{"line":26,"column":null}},"7":{"start":{"line":12,"column":21},"end":{"line":12,"column":26}}},"fnMap":{},"branchMap":{},"s":{"0":10,"1":10,"2":10,"3":10,"4":10,"5":10,"6":10,"7":10},"f":{},"b":{}}
,"/src/src/features/auth/controllers/index.ts": {"path":"/src/src/features/auth/controllers/index.ts","statementMap":{"0":{"start":{"line":1,"column":0},"end":{"line":1,"column":25}},"1":{"start":{"line":2,"column":0},"end":{"line":2,"column":24}},"2":{"start":{"line":3,"column":0},"end":{"line":3,"column":32}}},"fnMap":{},"branchMap":{},"s":{"0":8,"1":8,"2":8},"f":{},"b":{}}
,"/src/src/features/auth/controllers/login.ts": {"path":"/src/src/features/auth/controllers/login.ts","statementMap":{"0":{"start":{"line":2,"column":0},"end":{"line":2,"column":45}},"1":{"start":{"line":3,"column":0},"end":{"line":3,"column":56}},"2":{"start":{"line":4,"column":0},"end":{"line":4,"column":54}},"3":{"start":{"line":6,"column":21},"end":{"line":32,"column":2}},"4":{"start":{"line":6,"column":74},"end":{"line":32,"column":2}},"5":{"start":{"line":7,"column":30},"end":{"line":7,"column":38}},"6":{"start":{"line":9,"column":24},"end":{"line":9,"column":43}},"7":{"start":{"line":10,"column":22},"end":{"line":10,"column":39}},"8":{"start":{"line":11,"column":15},"end":{"line":11,"column":56}},"9":{"start":{"line":13,"column":2},"end":{"line":16,"column":null}},"10":{"start":{"line":14,"column":4},"end":{"line":14,"column":82}},"11":{"start":{"line":15,"column":4},"end":{"line":15,"column":11}},"12":{"start":{"line":18,"column":27},"end":{"line":21,"column":4}},"13":{"start":{"line":23,"column":2},"end":{"line":26,"column":null}},"14":{"start":{"line":24,"column":4},"end":{"line":24,"column":82}},"15":{"start":{"line":25,"column":4},"end":{"line":25,"column":11}},"16":{"start":{"line":28,"column":21},"end":{"line":28,"column":37}},"17":{"start":{"line":29,"column":21},"end":{"line":29,"column":51}},"18":{"start":{"line":31,"column":2},"end":{"line":31,"column":34}},"19":{"start":{"line":6,"column":13},"end":{"line":6,"column":21}}},"fnMap":{"0":{"name":"(anonymous_7)","decl":{"start":{"line":6,"column":21},"end":{"line":6,"column":28}},"loc":{"start":{"line":6,"column":74},"end":{"line":32,"column":2}}},"1":{"name":"(anonymous_8)","decl":{"start":{"line":6,"column":74},"end":{"line":6,"column":null}},"loc":{"start":{"line":6,"column":74},"end":{"line":32,"column":1}}}},"branchMap":{"0":{"loc":{"start":{"line":13,"column":2},"end":{"line":16,"column":null}},"type":"if","locations":[{"start":{"line":13,"column":2},"end":{"line":16,"column":null}}]},"1":{"loc":{"start":{"line":23,"column":2},"end":{"line":26,"column":null}},"type":"if","locations":[{"start":{"line":23,"column":2},"end":{"line":26,"column":null}}]}},"s":{"0":8,"1":8,"2":8,"3":8,"4":3,"5":3,"6":3,"7":3,"8":3,"9":3,"10":1,"11":1,"12":2,"13":2,"14":1,"15":1,"16":1,"17":1,"18":1,"19":8},"f":{"0":3,"1":3},"b":{"0":[1],"1":[1]}}
,"/src/src/features/auth/controllers/signup.ts": {"path":"/src/src/features/auth/controllers/signup.ts","statementMap":{"0":{"start":{"line":2,"column":0},"end":{"line":2,"column":54}},"1":{"start":{"line":4,"column":22},"end":{"line":21,"column":2}},"2":{"start":{"line":4,"column":75},"end":{"line":21,"column":2}},"3":{"start":{"line":5,"column":36},"end":{"line":5,"column":44}},"4":{"start":{"line":7,"column":22},"end":{"line":7,"column":39}},"5":{"start":{"line":9,"column":2},"end":{"line":20,"column":null}},"6":{"start":{"line":10,"column":24},"end":{"line":14,"column":6}},"7":{"start":{"line":16,"column":4},"end":{"line":16,"column":38}},"8":{"start":{"line":17,"column":4},"end":{"line":17,"column":11}},"9":{"start":{"line":19,"column":4},"end":{"line":19,"column":32}},"10":{"start":{"line":4,"column":13},"end":{"line":4,"column":22}}},"fnMap":{"0":{"name":"(anonymous_7)","decl":{"start":{"line":4,"column":22},"end":{"line":4,"column":29}},"loc":{"start":{"line":4,"column":75},"end":{"line":21,"column":2}}},"1":{"name":"(anonymous_8)","decl":{"start":{"line":4,"column":75},"end":{"line":4,"column":null}},"loc":{"start":{"line":4,"column":75},"end":{"line":21,"column":1}}}},"branchMap":{},"s":{"0":8,"1":8,"2":1,"3":1,"4":1,"5":1,"6":1,"7":1,"8":1,"9":0,"10":8},"f":{"0":1,"1":1},"b":{}}
,"/src/src/features/auth/controllers/validateToken.ts": {"path":"/src/src/features/auth/controllers/validateToken.ts","statementMap":{"0":{"start":{"line":2,"column":0},"end":{"line":2,"column":45}},"1":{"start":{"line":4,"column":29},"end":{"line":11,"column":2}},"2":{"start":{"line":4,"column":82},"end":{"line":11,"column":2}},"3":{"start":{"line":5,"column":28},"end":{"line":5,"column":39}},"4":{"start":{"line":7,"column":21},"end":{"line":7,"column":37}},"5":{"start":{"line":8,"column":29},"end":{"line":8,"column":67}},"6":{"start":{"line":10,"column":2},"end":{"line":10,"column":76}},"7":{"start":{"line":4,"column":13},"end":{"line":4,"column":29}}},"fnMap":{"0":{"name":"(anonymous_7)","decl":{"start":{"line":4,"column":29},"end":{"line":4,"column":36}},"loc":{"start":{"line":4,"column":82},"end":{"line":11,"column":2}}},"1":{"name":"(anonymous_8)","decl":{"start":{"line":4,"column":82},"end":{"line":4,"column":null}},"loc":{"start":{"line":4,"column":82},"end":{"line":11,"column":1}}}},"branchMap":{"0":{"loc":{"start":{"line":10,"column":2},"end":{"line":10,"column":75}},"type":"cond-expr","locations":[{"start":{"line":10,"column":10},"end":{"line":10,"column":39}},{"start":{"line":10,"column":42},"end":{"line":10,"column":75}}]}},"s":{"0":8,"1":8,"2":5,"3":5,"4":5,"5":5,"6":5,"7":8},"f":{"0":5,"1":5},"b":{"0":[4,1]}}
,"/src/src/features/auth/fixtures/createJWT.ts": {"path":"/src/src/features/auth/fixtures/createJWT.ts","statementMap":{"0":{"start":{"line":1,"column":0},"end":{"line":1,"column":40}},"1":{"start":{"line":2,"column":0},"end":{"line":2,"column":36}},"2":{"start":{"line":4,"column":36},"end":{"line":4,"column":47}},"3":{"start":{"line":6,"column":25},"end":{"line":17,"column":2}},"4":{"start":{"line":14,"column":22},"end":{"line":17,"column":2}},"5":{"start":{"line":15,"column":21},"end":{"line":15,"column":59}},"6":{"start":{"line":16,"column":2},"end":{"line":16,"column":66}},"7":{"start":{"line":6,"column":13},"end":{"line":6,"column":25}}},"fnMap":{"0":{"name":"(anonymous_13)","decl":{"start":{"line":6,"column":25},"end":{"line":6,"column":32}},"loc":{"start":{"line":14,"column":22},"end":{"line":17,"column":2}}},"1":{"name":"(anonymous_14)","decl":{"start":{"line":14,"column":22},"end":{"line":14,"column":null}},"loc":{"start":{"line":14,"column":22},"end":{"line":17,"column":1}}}},"branchMap":{"0":{"loc":{"start":{"line":8,"column":2},"end":{"line":8,"column":21}},"type":"default-arg","locations":[{"start":{"line":8,"column":11},"end":{"line":8,"column":21}}]},"1":{"loc":{"start":{"line":9,"column":2},"end":{"line":9,"column":23}},"type":"default-arg","locations":[{"start":{"line":9,"column":12},"end":{"line":9,"column":23}}]},"2":{"loc":{"start":{"line":15,"column":21},"end":{"line":15,"column":59}},"type":"cond-expr","locations":[{"start":{"line":15,"column":29},"end":{"line":15,"column":34}},{"start":{"line":15,"column":37},"end":{"line":15,"column":59}}]}},"s":{"0":6,"1":6,"2":6,"3":6,"4":18,"5":18,"6":18,"7":6},"f":{"0":18,"1":18},"b":{"0":[16],"1":[17],"2":[1,17]}}
,"/src/src/features/auth/fixtures/createUser.ts": {"path":"/src/src/features/auth/fixtures/createUser.ts","statementMap":{"0":{"start":{"line":1,"column":0},"end":{"line":1,"column":42}},"1":{"start":{"line":2,"column":0},"end":{"line":2,"column":56}},"2":{"start":{"line":4,"column":0},"end":{"line":4,"column":40}},"3":{"start":{"line":6,"column":33},"end":{"line":28,"column":2}},"4":{"start":{"line":14,"column":70},"end":{"line":28,"column":2}},"5":{"start":{"line":15,"column":29},"end":{"line":15,"column":31}},"6":{"start":{"line":16,"column":2},"end":{"line":16,"column":68}},"7":{"start":{"line":17,"column":2},"end":{"line":17,"column":71}},"8":{"start":{"line":18,"column":31},"end":{"line":18,"column":78}},"9":{"start":{"line":20,"column":23},"end":{"line":20,"column":42}},"10":{"start":{"line":21,"column":26},"end":{"line":21,"column":82}},"11":{"start":{"line":23,"column":2},"end":{"line":23,"column":51}},"12":{"start":{"line":25,"column":22},"end":{"line":25,"column":88}},"13":{"start":{"line":27,"column":2},"end":{"line":27,"column":50}},"14":{"start":{"line":6,"column":13},"end":{"line":6,"column":33}}},"fnMap":{"0":{"name":"(anonymous_8)","decl":{"start":{"line":6,"column":33},"end":{"line":6,"column":40}},"loc":{"start":{"line":14,"column":70},"end":{"line":28,"column":2}}},"1":{"name":"(anonymous_9)","decl":{"start":{"line":14,"column":70},"end":{"line":14,"column":null}},"loc":{"start":{"line":14,"column":70},"end":{"line":28,"column":1}}}},"branchMap":{"0":{"loc":{"start":{"line":16,"column":31},"end":{"line":16,"column":67}},"type":"cond-expr","locations":[{"start":{"line":16,"column":38},"end":{"line":16,"column":42}},{"start":{"line":16,"column":45},"end":{"line":16,"column":67}}]},"1":{"loc":{"start":{"line":17,"column":32},"end":{"line":17,"column":70}},"type":"cond-expr","locations":[{"start":{"line":17,"column":40},"end":{"line":17,"column":45}},{"start":{"line":17,"column":48},"end":{"line":17,"column":70}}]},"2":{"loc":{"start":{"line":18,"column":31},"end":{"line":18,"column":78}},"type":"cond-expr","locations":[{"start":{"line":18,"column":42},"end":{"line":18,"column":50}},{"start":{"line":18,"column":53},"end":{"line":18,"column":78}}]}},"s":{"0":3,"1":3,"2":3,"3":3,"4":5,"5":5,"6":5,"7":5,"8":5,"9":5,"10":5,"11":5,"12":5,"13":5,"14":3},"f":{"0":5,"1":5},"b":{"0":[0,5],"1":[0,5],"2":[0,5]}}
,"/src/src/features/auth/routes/auth.ts": {"path":"/src/src/features/auth/routes/auth.ts","statementMap":{"0":{"start":{"line":1,"column":0},"end":{"line":1,"column":56}},"1":{"start":{"line":3,"column":0},"end":{"line":3,"column":53}},"2":{"start":{"line":4,"column":0},"end":{"line":4,"column":67}},"3":{"start":{"line":5,"column":0},"end":{"line":5,"column":69}},"4":{"start":{"line":9,"column":4},"end":{"line":9,"column":33}},"5":{"start":{"line":10,"column":4},"end":{"line":10,"column":18}},"6":{"start":{"line":14,"column":4},"end":{"line":14,"column":59}},"7":{"start":{"line":15,"column":4},"end":{"line":15,"column":56}},"8":{"start":{"line":19,"column":9},"end":{"line":19,"column":19}}},"fnMap":{"0":{"name":"(anonymous_0)","decl":{"start":{"line":8,"column":2},"end":{"line":8,"column":null}},"loc":{"start":{"line":8,"column":2},"end":{"line":11,"column":3}}},"1":{"name":"(anonymous_1)","decl":{"start":{"line":13,"column":9},"end":{"line":13,"column":15}},"loc":{"start":{"line":13,"column":15},"end":{"line":16,"column":3}}}},"branchMap":{},"s":{"0":8,"1":8,"2":8,"3":8,"4":8,"5":8,"6":8,"7":8,"8":8},"f":{"0":8,"1":8},"b":{}}
,"/src/src/features/auth/routes/index.ts": {"path":"/src/src/features/auth/routes/index.ts","statementMap":{"0":{"start":{"line":1,"column":0},"end":{"line":1,"column":9}},"1":{"start":{"line":4,"column":9},"end":{"line":1,"column":36}},"2":{"start":{"line":2,"column":0},"end":{"line":2,"column":9}},"3":{"start":{"line":4,"column":21},"end":{"line":2,"column":34}}},"fnMap":{"0":{"name":"(anonymous_0)","decl":{"start":{"line":4,"column":9},"end":{"line":4,"column":19}},"loc":{"start":{"line":4,"column":9},"end":{"line":1,"column":36}}},"1":{"name":"(anonymous_1)","decl":{"start":{"line":4,"column":21},"end":{"line":4,"column":30}},"loc":{"start":{"line":4,"column":21},"end":{"line":2,"column":34}}}},"branchMap":{},"s":{"0":8,"1":16,"2":8,"3":16},"f":{"0":8,"1":8},"b":{}}
,"/src/src/features/auth/routes/jwt.ts": {"path":"/src/src/features/auth/routes/jwt.ts","statementMap":{"0":{"start":{"line":1,"column":0},"end":{"line":1,"column":56}},"1":{"start":{"line":3,"column":0},"end":{"line":3,"column":53}},"2":{"start":{"line":7,"column":4},"end":{"line":7,"column":33}},"3":{"start":{"line":8,"column":4},"end":{"line":8,"column":18}},"4":{"start":{"line":12,"column":4},"end":{"line":12,"column":53}},"5":{"start":{"line":16,"column":9},"end":{"line":16,"column":18}}},"fnMap":{"0":{"name":"(anonymous_0)","decl":{"start":{"line":6,"column":2},"end":{"line":6,"column":null}},"loc":{"start":{"line":6,"column":2},"end":{"line":9,"column":3}}},"1":{"name":"(anonymous_1)","decl":{"start":{"line":11,"column":9},"end":{"line":11,"column":15}},"loc":{"start":{"line":11,"column":15},"end":{"line":13,"column":3}}}},"branchMap":{},"s":{"0":8,"1":8,"2":8,"3":8,"4":8,"5":8},"f":{"0":8,"1":8},"b":{}}
,"/src/src/features/auth/routes/middleware/loginSchemaValidator.ts": {"path":"/src/src/features/auth/routes/middleware/loginSchemaValidator.ts","statementMap":{"0":{"start":{"line":2,"column":0},"end":{"line":2,"column":42}},"1":{"start":{"line":4,"column":10},"end":{"line":4,"column":25}},"2":{"start":{"line":6,"column":15},"end":{"line":10,"column":2}},"3":{"start":{"line":12,"column":30},"end":{"line":22,"column":1}},"4":{"start":{"line":13,"column":15},"end":{"line":13,"column":23}},"5":{"start":{"line":14,"column":23},"end":{"line":14,"column":47}},"6":{"start":{"line":16,"column":2},"end":{"line":19,"column":null}},"7":{"start":{"line":17,"column":4},"end":{"line":17,"column":64}},"8":{"start":{"line":18,"column":4},"end":{"line":18,"column":11}},"9":{"start":{"line":21,"column":2},"end":{"line":21,"column":9}},"10":{"start":{"line":12,"column":13},"end":{"line":12,"column":30}}},"fnMap":{"0":{"name":"(anonymous_1)","decl":{"start":{"line":12,"column":30},"end":{"line":12,"column":31}},"loc":{"start":{"line":12,"column":97},"end":{"line":22,"column":1}}}},"branchMap":{"0":{"loc":{"start":{"line":16,"column":2},"end":{"line":19,"column":null}},"type":"if","locations":[{"start":{"line":16,"column":2},"end":{"line":19,"column":null}}]}},"s":{"0":8,"1":8,"2":8,"3":8,"4":5,"5":5,"6":5,"7":2,"8":2,"9":3,"10":8},"f":{"0":5},"b":{"0":[2]}}
,"/src/src/features/auth/routes/middleware/signupSchemaValidator.ts": {"path":"/src/src/features/auth/routes/middleware/signupSchemaValidator.ts","statementMap":{"0":{"start":{"line":2,"column":0},"end":{"line":2,"column":42}},"1":{"start":{"line":4,"column":10},"end":{"line":4,"column":25}},"2":{"start":{"line":6,"column":15},"end":{"line":11,"column":2}},"3":{"start":{"line":13,"column":31},"end":{"line":23,"column":1}},"4":{"start":{"line":14,"column":15},"end":{"line":14,"column":23}},"5":{"start":{"line":15,"column":23},"end":{"line":15,"column":47}},"6":{"start":{"line":17,"column":2},"end":{"line":20,"column":null}},"7":{"start":{"line":18,"column":4},"end":{"line":18,"column":64}},"8":{"start":{"line":19,"column":4},"end":{"line":19,"column":11}},"9":{"start":{"line":22,"column":2},"end":{"line":22,"column":9}},"10":{"start":{"line":13,"column":13},"end":{"line":13,"column":31}}},"fnMap":{"0":{"name":"(anonymous_1)","decl":{"start":{"line":13,"column":31},"end":{"line":13,"column":32}},"loc":{"start":{"line":13,"column":98},"end":{"line":23,"column":1}}}},"branchMap":{"0":{"loc":{"start":{"line":17,"column":2},"end":{"line":20,"column":null}},"type":"if","locations":[{"start":{"line":17,"column":2},"end":{"line":20,"column":null}}]}},"s":{"0":8,"1":8,"2":8,"3":8,"4":4,"5":4,"6":4,"7":3,"8":3,"9":1,"10":8},"f":{"0":4},"b":{"0":[3]}}
,"/src/src/features/auth/services/jwt.ts": {"path":"/src/src/features/auth/services/jwt.ts","statementMap":{"0":{"start":{"line":1,"column":0},"end":{"line":1,"column":36}},"1":{"start":{"line":3,"column":36},"end":{"line":3,"column":47}},"2":{"start":{"line":7,"column":4},"end":{"line":7,"column":91}},"3":{"start":{"line":11,"column":4},"end":{"line":16,"column":null}},"4":{"start":{"line":12,"column":24},"end":{"line":12,"column":57}},"5":{"start":{"line":13,"column":6},"end":{"line":13,"column":50}},"6":{"start":{"line":15,"column":6},"end":{"line":15,"column":53}},"7":{"start":{"line":5,"column":0},"end":{"line":5,"column":13}}},"fnMap":{"0":{"name":"(anonymous_13)","decl":{"start":{"line":6,"column":15},"end":{"line":6,"column":21}},"loc":{"start":{"line":6,"column":35},"end":{"line":8,"column":null}}},"1":{"name":"(anonymous_15)","decl":{"start":{"line":10,"column":15},"end":{"line":10,"column":21}},"loc":{"start":{"line":10,"column":39},"end":{"line":17,"column":null}}}},"branchMap":{"0":{"loc":{"start":{"line":7,"column":56},"end":{"line":7,"column":87}},"type":"cond-expr","locations":[{"start":{"line":7,"column":70},"end":{"line":7,"column":81}},{"start":{"line":7,"column":84},"end":{"line":7,"column":87}}]}},"s":{"0":9,"1":9,"2":2,"3":19,"4":19,"5":15,"6":4,"7":9},"f":{"0":2,"1":19},"b":{"0":[2,0]}}
,"/src/src/features/auth/services/userService.ts": {"path":"/src/src/features/auth/services/userService.ts","statementMap":{"0":{"start":{"line":1,"column":0},"end":{"line":1,"column":42}},"1":{"start":{"line":2,"column":0},"end":{"line":2,"column":56}},"2":{"start":{"line":15,"column":26},"end":{"line":15,"column":45}},"3":{"start":{"line":16,"column":28},"end":{"line":16,"column":73}},"4":{"start":{"line":18,"column":4},"end":{"line":22,"column":null}},"5":{"start":{"line":19,"column":6},"end":{"line":19,"column":98}},"6":{"start":{"line":21,"column":6},"end":{"line":21,"column":15}},"7":{"start":{"line":26,"column":4},"end":{"line":30,"column":null}},"8":{"start":{"line":27,"column":6},"end":{"line":27,"column":78}},"9":{"start":{"line":29,"column":6},"end":{"line":29,"column":25}},"10":{"start":{"line":5,"column":0},"end":{"line":5,"column":13}}},"fnMap":{"0":{"name":"(anonymous_8)","decl":{"start":{"line":6,"column":15},"end":{"line":6,"column":21}},"loc":{"start":{"line":14,"column":3},"end":{"line":23,"column":null}}},"1":{"name":"(anonymous_10)","decl":{"start":{"line":25,"column":15},"end":{"line":25,"column":31}},"loc":{"start":{"line":25,"column":45},"end":{"line":31,"column":null}}}},"branchMap":{"0":{"loc":{"start":{"line":27,"column":13},"end":{"line":27,"column":77}},"type":"cond-expr","locations":[{"start":{"line":27,"column":55},"end":{"line":27,"column":57}},{"start":{"line":27,"column":55},"end":{"line":27,"column":77}}]},"1":{"loc":{"start":{"line":27,"column":13},"end":{"line":27,"column":57}},"type":"binary-expr","locations":[{"start":{"line":27,"column":13},"end":{"line":27,"column":57}},{"start":{"line":27,"column":55},"end":{"line":27,"column":57}}]}},"s":{"0":9,"1":9,"2":1,"3":1,"4":1,"5":1,"6":0,"7":4,"8":4,"9":0,"10":9},"f":{"0":1,"1":4},"b":{"0":[1,3],"1":[4,3]}}
,"/src/src/features/drugs/controllers/addDrug.ts": {"path":"/src/src/features/drugs/controllers/addDrug.ts","statementMap":{"0":{"start":{"line":2,"column":0},"end":{"line":2,"column":50}},"1":{"start":{"line":4,"column":23},"end":{"line":11,"column":2}},"2":{"start":{"line":4,"column":76},"end":{"line":11,"column":2}},"3":{"start":{"line":5,"column":63},"end":{"line":5,"column":71}},"4":{"start":{"line":7,"column":22},"end":{"line":7,"column":41}},"5":{"start":{"line":8,"column":18},"end":{"line":8,"column":98}},"6":{"start":{"line":10,"column":2},"end":{"line":10,"column":32}},"7":{"start":{"line":4,"column":13},"end":{"line":4,"column":23}}},"fnMap":{"0":{"name":"(anonymous_7)","decl":{"start":{"line":4,"column":23},"end":{"line":4,"column":30}},"loc":{"start":{"line":4,"column":76},"end":{"line":11,"column":2}}},"1":{"name":"(anonymous_8)","decl":{"start":{"line":4,"column":76},"end":{"line":4,"column":null}},"loc":{"start":{"line":4,"column":76},"end":{"line":11,"column":1}}}},"branchMap":{},"s":{"0":8,"1":8,"2":1,"3":1,"4":1,"5":1,"6":1,"7":8},"f":{"0":1,"1":1},"b":{}}
,"/src/src/features/drugs/controllers/deleteDrug.ts": {"path":"/src/src/features/drugs/controllers/deleteDrug.ts","statementMap":{"0":{"start":{"line":2,"column":0},"end":{"line":2,"column":50}},"1":{"start":{"line":4,"column":26},"end":{"line":23,"column":2}},"2":{"start":{"line":4,"column":79},"end":{"line":23,"column":2}},"3":{"start":{"line":5,"column":17},"end":{"line":5,"column":27}},"4":{"start":{"line":7,"column":22},"end":{"line":7,"column":41}},"5":{"start":{"line":8,"column":21},"end":{"line":8,"column":54}},"6":{"start":{"line":10,"column":23},"end":{"line":20,"column":4}},"7":{"start":{"line":22,"column":2},"end":{"line":22,"column":98}},"8":{"start":{"line":4,"column":13},"end":{"line":4,"column":26}}},"fnMap":{"0":{"name":"(anonymous_7)","decl":{"start":{"line":4,"column":26},"end":{"line":4,"column":33}},"loc":{"start":{"line":4,"column":79},"end":{"line":23,"column":2}}},"1":{"name":"(anonymous_8)","decl":{"start":{"line":4,"column":79},"end":{"line":4,"column":null}},"loc":{"start":{"line":4,"column":79},"end":{"line":23,"column":1}}}},"branchMap":{},"s":{"0":8,"1":8,"2":2,"3":2,"4":2,"5":2,"6":2,"7":2,"8":8},"f":{"0":2,"1":2},"b":{}}
,"/src/src/features/drugs/controllers/getDrugs.ts": {"path":"/src/src/features/drugs/controllers/getDrugs.ts","statementMap":{"0":{"start":{"line":2,"column":0},"end":{"line":2,"column":50}},"1":{"start":{"line":4,"column":24},"end":{"line":14,"column":2}},"2":{"start":{"line":4,"column":77},"end":{"line":14,"column":2}},"3":{"start":{"line":5,"column":28},"end":{"line":5,"column":37}},"4":{"start":{"line":7,"column":22},"end":{"line":7,"column":41}},"5":{"start":{"line":8,"column":18},"end":{"line":11,"column":4}},"6":{"start":{"line":13,"column":2},"end":{"line":13,"column":32}},"7":{"start":{"line":4,"column":13},"end":{"line":4,"column":24}}},"fnMap":{"0":{"name":"(anonymous_7)","decl":{"start":{"line":4,"column":24},"end":{"line":4,"column":31}},"loc":{"start":{"line":4,"column":77},"end":{"line":14,"column":2}}},"1":{"name":"(anonymous_8)","decl":{"start":{"line":4,"column":77},"end":{"line":4,"column":null}},"loc":{"start":{"line":4,"column":77},"end":{"line":14,"column":1}}}},"branchMap":{"0":{"loc":{"start":{"line":9,"column":11},"end":{"line":9,"column":32}},"type":"cond-expr","locations":[{"start":{"line":9,"column":19},"end":{"line":9,"column":25}},{"start":{"line":9,"column":28},"end":{"line":9,"column":32}}]},"1":{"loc":{"start":{"line":10,"column":12},"end":{"line":10,"column":35}},"type":"cond-expr","locations":[{"start":{"line":10,"column":21},"end":{"line":10,"column":28}},{"start":{"line":10,"column":31},"end":{"line":10,"column":35}}]}},"s":{"0":8,"1":8,"2":3,"3":3,"4":3,"5":3,"6":3,"7":8},"f":{"0":3,"1":3},"b":{"0":[2,1],"1":[2,1]}}
,"/src/src/features/drugs/controllers/index.ts": {"path":"/src/src/features/drugs/controllers/index.ts","statementMap":{"0":{"start":{"line":1,"column":0},"end":{"line":1,"column":26}},"1":{"start":{"line":2,"column":0},"end":{"line":2,"column":29}},"2":{"start":{"line":3,"column":0},"end":{"line":3,"column":27}},"3":{"start":{"line":4,"column":0},"end":{"line":4,"column":29}}},"fnMap":{},"branchMap":{},"s":{"0":8,"1":8,"2":8,"3":8},"f":{},"b":{}}
,"/src/src/features/drugs/controllers/updateDrug.ts": {"path":"/src/src/features/drugs/controllers/updateDrug.ts","statementMap":{"0":{"start":{"line":2,"column":0},"end":{"line":2,"column":50}},"1":{"start":{"line":4,"column":26},"end":{"line":24,"column":2}},"2":{"start":{"line":4,"column":79},"end":{"line":24,"column":2}},"3":{"start":{"line":5,"column":17},"end":{"line":5,"column":27}},"4":{"start":{"line":6,"column":63},"end":{"line":6,"column":71}},"5":{"start":{"line":8,"column":22},"end":{"line":8,"column":41}},"6":{"start":{"line":9,"column":23},"end":{"line":16,"column":4}},"7":{"start":{"line":18,"column":2},"end":{"line":21,"column":null}},"8":{"start":{"line":19,"column":4},"end":{"line":19,"column":49}},"9":{"start":{"line":20,"column":4},"end":{"line":20,"column":11}},"10":{"start":{"line":23,"column":2},"end":{"line":23,"column":53}},"11":{"start":{"line":4,"column":13},"end":{"line":4,"column":26}}},"fnMap":{"0":{"name":"(anonymous_7)","decl":{"start":{"line":4,"column":26},"end":{"line":4,"column":33}},"loc":{"start":{"line":4,"column":79},"end":{"line":24,"column":2}}},"1":{"name":"(anonymous_8)","decl":{"start":{"line":4,"column":79},"end":{"line":4,"column":null}},"loc":{"start":{"line":4,"column":79},"end":{"line":24,"column":1}}}},"branchMap":{"0":{"loc":{"start":{"line":18,"column":2},"end":{"line":21,"column":null}},"type":"if","locations":[{"start":{"line":18,"column":2},"end":{"line":21,"column":null}}]}},"s":{"0":8,"1":8,"2":2,"3":2,"4":2,"5":2,"6":2,"7":2,"8":1,"9":1,"10":1,"11":8},"f":{"0":2,"1":2},"b":{"0":[1]}}
,"/src/src/features/drugs/fixtures/createDrug.ts": {"path":"/src/src/features/drugs/fixtures/createDrug.ts","statementMap":{"0":{"start":{"line":1,"column":0},"end":{"line":1,"column":40}},"1":{"start":{"line":3,"column":0},"end":{"line":3,"column":42}},"2":{"start":{"line":5,"column":33},"end":{"line":26,"column":2}},"3":{"start":{"line":17,"column":35},"end":{"line":26,"column":2}},"4":{"start":{"line":18,"column":15},"end":{"line":18,"column":17}},"5":{"start":{"line":19,"column":2},"end":{"line":19,"column":56}},"6":{"start":{"line":20,"column":2},"end":{"line":20,"column":68}},"7":{"start":{"line":21,"column":2},"end":{"line":21,"column":67}},"8":{"start":{"line":22,"column":2},"end":{"line":22,"column":67}},"9":{"start":{"line":23,"column":2},"end":{"line":23,"column":85}},"10":{"start":{"line":25,"column":2},"end":{"line":25,"column":56}},"11":{"start":{"line":5,"column":13},"end":{"line":5,"column":33}}},"fnMap":{"0":{"name":"(anonymous_8)","decl":{"start":{"line":5,"column":33},"end":{"line":5,"column":40}},"loc":{"start":{"line":17,"column":35},"end":{"line":26,"column":2}}},"1":{"name":"(anonymous_9)","decl":{"start":{"line":17,"column":35},"end":{"line":17,"column":null}},"loc":{"start":{"line":17,"column":35},"end":{"line":26,"column":1}}}},"branchMap":{"0":{"loc":{"start":{"line":19,"column":17},"end":{"line":19,"column":55}},"type":"cond-expr","locations":[{"start":{"line":19,"column":24},"end":{"line":19,"column":28}},{"start":{"line":19,"column":31},"end":{"line":19,"column":55}}]},"1":{"loc":{"start":{"line":20,"column":21},"end":{"line":20,"column":67}},"type":"cond-expr","locations":[{"start":{"line":20,"column":32},"end":{"line":20,"column":40}},{"start":{"line":20,"column":43},"end":{"line":20,"column":67}}]},"2":{"loc":{"start":{"line":21,"column":21},"end":{"line":21,"column":66}},"type":"cond-expr","locations":[{"start":{"line":21,"column":32},"end":{"line":21,"column":40}},{"start":{"line":21,"column":43},"end":{"line":21,"column":66}}]},"3":{"loc":{"start":{"line":22,"column":21},"end":{"line":22,"column":66}},"type":"cond-expr","locations":[{"start":{"line":22,"column":32},"end":{"line":22,"column":40}},{"start":{"line":22,"column":43},"end":{"line":22,"column":66}}]},"4":{"loc":{"start":{"line":23,"column":25},"end":{"line":23,"column":84}},"type":"cond-expr","locations":[{"start":{"line":23,"column":40},"end":{"line":23,"column":62}},{"start":{"line":23,"column":65},"end":{"line":23,"column":84}}]}},"s":{"0":4,"1":4,"2":4,"3":12,"4":12,"5":12,"6":12,"7":12,"8":12,"9":12,"10":12,"11":4},"f":{"0":12,"1":12},"b":{"0":[0,12],"1":[0,12],"2":[0,12],"3":[0,12],"4":[0,12]}}
,"/src/src/features/drugs/routes/drugs.ts": {"path":"/src/src/features/drugs/routes/drugs.ts","statementMap":{"0":{"start":{"line":1,"column":0},"end":{"line":1,"column":56}},"1":{"start":{"line":3,"column":0},"end":{"line":3,"column":75}},"2":{"start":{"line":4,"column":0},"end":{"line":4,"column":71}},"3":{"start":{"line":5,"column":0},"end":{"line":5,"column":69}},"4":{"start":{"line":9,"column":4},"end":{"line":9,"column":33}},"5":{"start":{"line":10,"column":4},"end":{"line":10,"column":18}},"6":{"start":{"line":14,"column":4},"end":{"line":14,"column":63}},"7":{"start":{"line":15,"column":4},"end":{"line":15,"column":68}},"8":{"start":{"line":16,"column":4},"end":{"line":16,"column":44}},"9":{"start":{"line":17,"column":4},"end":{"line":17,"column":53}},"10":{"start":{"line":21,"column":9},"end":{"line":21,"column":20}}},"fnMap":{"0":{"name":"(anonymous_0)","decl":{"start":{"line":8,"column":2},"end":{"line":8,"column":null}},"loc":{"start":{"line":8,"column":2},"end":{"line":11,"column":3}}},"1":{"name":"(anonymous_1)","decl":{"start":{"line":13,"column":9},"end":{"line":13,"column":15}},"loc":{"start":{"line":13,"column":15},"end":{"line":18,"column":3}}}},"branchMap":{},"s":{"0":8,"1":8,"2":8,"3":8,"4":8,"5":8,"6":8,"7":8,"8":8,"9":8,"10":8},"f":{"0":8,"1":8},"b":{}}
,"/src/src/features/drugs/routes/index.ts": {"path":"/src/src/features/drugs/routes/index.ts","statementMap":{"0":{"start":{"line":1,"column":0},"end":{"line":1,"column":9}},"1":{"start":{"line":3,"column":9},"end":{"line":1,"column":38}}},"fnMap":{"0":{"name":"(anonymous_0)","decl":{"start":{"line":3,"column":9},"end":{"line":3,"column":20}},"loc":{"start":{"line":3,"column":9},"end":{"line":1,"column":38}}}},"branchMap":{},"s":{"0":8,"1":16},"f":{"0":8},"b":{}}
,"/src/src/features/drugs/routes/middleware/postSchemaValidator.ts": {"path":"/src/src/features/drugs/routes/middleware/postSchemaValidator.ts","statementMap":{"0":{"start":{"line":2,"column":0},"end":{"line":2,"column":42}},"1":{"start":{"line":4,"column":10},"end":{"line":4,"column":25}},"2":{"start":{"line":6,"column":15},"end":{"line":13,"column":2}},"3":{"start":{"line":15,"column":35},"end":{"line":35,"column":1}},"4":{"start":{"line":20,"column":27},"end":{"line":20,"column":35}},"5":{"start":{"line":22,"column":12},"end":{"line":24,"column":null}},"6":{"start":{"line":27,"column":23},"end":{"line":27,"column":47}},"7":{"start":{"line":29,"column":2},"end":{"line":32,"column":null}},"8":{"start":{"line":30,"column":4},"end":{"line":30,"column":64}},"9":{"start":{"line":31,"column":4},"end":{"line":31,"column":11}},"10":{"start":{"line":34,"column":2},"end":{"line":34,"column":9}},"11":{"start":{"line":15,"column":13},"end":{"line":15,"column":35}}},"fnMap":{"0":{"name":"(anonymous_1)","decl":{"start":{"line":15,"column":35},"end":{"line":15,"column":null}},"loc":{"start":{"line":19,"column":19},"end":{"line":35,"column":1}}}},"branchMap":{"0":{"loc":{"start":{"line":24,"column":18},"end":{"line":24,"column":71}},"type":"cond-expr","locations":[{"start":{"line":24,"column":33},"end":{"line":24,"column":64}},{"start":{"line":24,"column":67},"end":{"line":24,"column":71}}]},"1":{"loc":{"start":{"line":29,"column":2},"end":{"line":32,"column":null}},"type":"if","locations":[{"start":{"line":29,"column":2},"end":{"line":32,"column":null}}]}},"s":{"0":8,"1":8,"2":8,"3":8,"4":5,"5":5,"6":5,"7":5,"8":4,"9":4,"10":1,"11":8},"f":{"0":5},"b":{"0":[5,0],"1":[4]}}
,"/src/src/features/drugs/routes/middleware/putSchemaValidator.ts": {"path":"/src/src/features/drugs/routes/middleware/putSchemaValidator.ts","statementMap":{"0":{"start":{"line":2,"column":0},"end":{"line":2,"column":42}},"1":{"start":{"line":4,"column":10},"end":{"line":4,"column":25}},"2":{"start":{"line":6,"column":15},"end":{"line":13,"column":2}},"3":{"start":{"line":15,"column":34},"end":{"line":35,"column":1}},"4":{"start":{"line":20,"column":27},"end":{"line":20,"column":35}},"5":{"start":{"line":22,"column":12},"end":{"line":24,"column":null}},"6":{"start":{"line":27,"column":23},"end":{"line":27,"column":47}},"7":{"start":{"line":29,"column":2},"end":{"line":32,"column":null}},"8":{"start":{"line":30,"column":4},"end":{"line":30,"column":64}},"9":{"start":{"line":31,"column":4},"end":{"line":31,"column":11}},"10":{"start":{"line":34,"column":2},"end":{"line":34,"column":9}},"11":{"start":{"line":15,"column":13},"end":{"line":15,"column":34}}},"fnMap":{"0":{"name":"(anonymous_1)","decl":{"start":{"line":15,"column":34},"end":{"line":15,"column":null}},"loc":{"start":{"line":19,"column":19},"end":{"line":35,"column":1}}}},"branchMap":{"0":{"loc":{"start":{"line":24,"column":18},"end":{"line":24,"column":71}},"type":"cond-expr","locations":[{"start":{"line":24,"column":33},"end":{"line":24,"column":64}},{"start":{"line":24,"column":67},"end":{"line":24,"column":71}}]},"1":{"loc":{"start":{"line":29,"column":2},"end":{"line":32,"column":null}},"type":"if","locations":[{"start":{"line":29,"column":2},"end":{"line":32,"column":null}}]}},"s":{"0":8,"1":8,"2":8,"3":8,"4":3,"5":3,"6":3,"7":3,"8":1,"9":1,"10":2,"11":8},"f":{"0":3},"b":{"0":[0,3],"1":[1]}}
,"/src/src/features/drugs/services/drugs.ts": {"path":"/src/src/features/drugs/services/drugs.ts","statementMap":{"0":{"start":{"line":1,"column":0},"end":{"line":1,"column":42}},"1":{"start":{"line":17,"column":4},"end":{"line":25,"column":27}},"2":{"start":{"line":43,"column":4},"end":{"line":43,"column":96}},"3":{"start":{"line":53,"column":4},"end":{"line":53,"column":51}},"4":{"start":{"line":57,"column":4},"end":{"line":57,"column":43}},"5":{"start":{"line":3,"column":0},"end":{"line":3,"column":13}}},"fnMap":{"0":{"name":"(anonymous_8)","decl":{"start":{"line":4,"column":15},"end":{"line":4,"column":23}},"loc":{"start":{"line":16,"column":3},"end":{"line":26,"column":null}}},"1":{"name":"(anonymous_10)","decl":{"start":{"line":28,"column":15},"end":{"line":28,"column":25}},"loc":{"start":{"line":42,"column":3},"end":{"line":44,"column":null}}},"2":{"name":"(anonymous_12)","decl":{"start":{"line":46,"column":15},"end":{"line":46,"column":23}},"loc":{"start":{"line":52,"column":3},"end":{"line":54,"column":null}}},"3":{"name":"(anonymous_14)","decl":{"start":{"line":56,"column":15},"end":{"line":56,"column":25}},"loc":{"start":{"line":56,"column":36},"end":{"line":58,"column":null}}}},"branchMap":{"0":{"loc":{"start":{"line":47,"column":4},"end":{"line":47,"column":14}},"type":"default-arg","locations":[{"start":{"line":47,"column":12},"end":{"line":47,"column":14}}]},"1":{"loc":{"start":{"line":48,"column":4},"end":{"line":48,"column":14}},"type":"default-arg","locations":[{"start":{"line":48,"column":13},"end":{"line":48,"column":14}}]}},"s":{"0":8,"1":2,"2":3,"3":4,"4":3,"5":8},"f":{"0":2,"1":3,"2":4,"3":3},"b":{"0":[1],"1":[1]}}
,"/src/src/helpers/bcrypt.ts": {"path":"/src/src/helpers/bcrypt.ts","statementMap":{"0":{"start":{"line":1,"column":0},"end":{"line":1,"column":28}},"1":{"start":{"line":3,"column":31},"end":{"line":3,"column":42}},"2":{"start":{"line":7,"column":4},"end":{"line":7,"column":54}},"3":{"start":{"line":17,"column":4},"end":{"line":17,"column":53}},"4":{"start":{"line":5,"column":0},"end":{"line":5,"column":13}}},"fnMap":{"0":{"name":"(anonymous_8)","decl":{"start":{"line":6,"column":15},"end":{"line":6,"column":30}},"loc":{"start":{"line":6,"column":47},"end":{"line":8,"column":null}}},"1":{"name":"(anonymous_10)","decl":{"start":{"line":10,"column":15},"end":{"line":10,"column":30}},"loc":{"start":{"line":16,"column":3},"end":{"line":18,"column":null}}}},"branchMap":{},"s":{"0":10,"1":10,"2":6,"3":2,"4":10},"f":{"0":6,"1":2},"b":{}}
,"/src/src/lib/db.ts": {"path":"/src/src/lib/db.ts","statementMap":{"0":{"start":{"line":1,"column":0},"end":{"line":1,"column":49}},"1":{"start":{"line":2,"column":0},"end":{"line":2,"column":33}},"2":{"start":{"line":4,"column":23},"end":{"line":4,"column":52}},"3":{"start":{"line":5,"column":12},"end":{"line":5,"column":49}},"4":{"start":{"line":6,"column":24},"end":{"line":6,"column":43}},"5":{"start":{"line":7,"column":56},"end":{"line":7,"column":71}},"6":{"start":{"line":9,"column":18},"end":{"line":16,"column":2}},"7":{"start":{"line":22,"column":9},"end":{"line":22,"column":18}},"8":{"start":{"line":18,"column":0},"end":{"line":20,"column":3}},"9":{"start":{"line":19,"column":2},"end":{"line":19,"column":34}}},"fnMap":{"0":{"name":"(anonymous_1)","decl":{"start":{"line":18,"column":30},"end":{"line":18,"column":40}},"loc":{"start":{"line":18,"column":46},"end":{"line":20,"column":1}}}},"branchMap":{"0":{"loc":{"start":{"line":5,"column":12},"end":{"line":5,"column":49}},"type":"binary-expr","locations":[{"start":{"line":5,"column":12},"end":{"line":5,"column":32}},{"start":{"line":5,"column":36},"end":{"line":5,"column":49}}]}},"s":{"0":10,"1":10,"2":10,"3":10,"4":10,"5":10,"6":10,"7":10,"8":10,"9":10},"f":{"0":10},"b":{"0":[10,0]}}
,"/src/src/middlewares/validateJWT.ts": {"path":"/src/src/middlewares/validateJWT.ts","statementMap":{"0":{"start":{"line":2,"column":0},"end":{"line":2,"column":59}},"1":{"start":{"line":4,"column":27},"end":{"line":24,"column":2}},"2":{"start":{"line":8,"column":19},"end":{"line":24,"column":2}},"3":{"start":{"line":9,"column":28},"end":{"line":9,"column":39}},"4":{"start":{"line":10,"column":2},"end":{"line":13,"column":null}},"5":{"start":{"line":11,"column":4},"end":{"line":11,"column":29}},"6":{"start":{"line":12,"column":4},"end":{"line":12,"column":11}},"7":{"start":{"line":15,"column":21},"end":{"line":15,"column":37}},"8":{"start":{"line":16,"column":29},"end":{"line":16,"column":75}},"9":{"start":{"line":18,"column":2},"end":{"line":21,"column":null}},"10":{"start":{"line":19,"column":4},"end":{"line":19,"column":38}},"11":{"start":{"line":20,"column":4},"end":{"line":20,"column":11}},"12":{"start":{"line":23,"column":2},"end":{"line":23,"column":9}},"13":{"start":{"line":4,"column":13},"end":{"line":4,"column":27}}},"fnMap":{"0":{"name":"(anonymous_7)","decl":{"start":{"line":4,"column":27},"end":{"line":4,"column":null}},"loc":{"start":{"line":8,"column":19},"end":{"line":24,"column":2}}},"1":{"name":"(anonymous_8)","decl":{"start":{"line":8,"column":19},"end":{"line":8,"column":null}},"loc":{"start":{"line":8,"column":19},"end":{"line":24,"column":1}}}},"branchMap":{"0":{"loc":{"start":{"line":10,"column":2},"end":{"line":13,"column":null}},"type":"if","locations":[{"start":{"line":10,"column":2},"end":{"line":13,"column":null}}]},"1":{"loc":{"start":{"line":18,"column":2},"end":{"line":21,"column":null}},"type":"if","locations":[{"start":{"line":18,"column":2},"end":{"line":21,"column":null}}]}},"s":{"0":8,"1":8,"2":15,"3":15,"4":15,"5":2,"6":2,"7":13,"8":13,"9":13,"10":0,"11":0,"12":13,"13":8},"f":{"0":15,"1":15},"b":{"0":[2],"1":[0]}}
,"/src/src/routes/baseRoutes.ts": {"path":"/src/src/routes/baseRoutes.ts","statementMap":{"0":{"start":{"line":1,"column":0},"end":{"line":1,"column":39}},"1":{"start":{"line":2,"column":0},"end":{"line":2,"column":48}},"2":{"start":{"line":5,"column":7},"end":{"line":17,"column":null}},"3":{"start":{"line":9,"column":4},"end":{"line":9,"column":34}},"4":{"start":{"line":13,"column":4},"end":{"line":13,"column":23}},"5":{"start":{"line":5,"column":22},"end":{"line":17,"column":null}},"6":{"start":{"line":5,"column":22},"end":{"line":5,"column":32}}},"fnMap":{"0":{"name":"(anonymous_2)","decl":{"start":{"line":8,"column":2},"end":{"line":8,"column":14}},"loc":{"start":{"line":8,"column":37},"end":{"line":10,"column":3}}},"1":{"name":"(anonymous_3)","decl":{"start":{"line":12,"column":2},"end":{"line":12,"column":11}},"loc":{"start":{"line":12,"column":11},"end":{"line":14,"column":3}}}},"branchMap":{},"s":{"0":8,"1":8,"2":8,"3":24,"4":24,"5":8,"6":8},"f":{"0":24,"1":24},"b":{}}
,"/src/src/routes/index.ts": {"path":"/src/src/routes/index.ts","statementMap":{"0":{"start":{"line":1,"column":0},"end":{"line":1,"column":26}},"1":{"start":{"line":2,"column":0},"end":{"line":2,"column":27}},"2":{"start":{"line":4,"column":0},"end":{"line":4,"column":33}},"3":{"start":{"line":5,"column":0},"end":{"line":5,"column":64}},"4":{"start":{"line":6,"column":0},"end":{"line":6,"column":55}},"5":{"start":{"line":7,"column":0},"end":{"line":7,"column":57}},"6":{"start":{"line":9,"column":15},"end":{"line":9,"column":23}},"7":{"start":{"line":19,"column":9},"end":{"line":19,"column":15}},"8":{"start":{"line":10,"column":13},"end":{"line":10,"column":22}},"9":{"start":{"line":13,"column":0},"end":{"line":13,"column":57}},"10":{"start":{"line":14,"column":0},"end":{"line":14,"column":55}},"11":{"start":{"line":17,"column":0},"end":{"line":17,"column":69}}},"fnMap":{},"branchMap":{},"s":{"0":8,"1":8,"2":8,"3":8,"4":8,"5":8,"6":8,"7":8,"8":8,"9":8,"10":8,"11":8},"f":{},"b":{}}
}
