TN:
SF:server.ts
FN:17,(anonymous_8)
FN:17,(anonymous_9)
FN:22,(anonymous_10)
FNF:3
FNH:0
FNDA:0,(anonymous_8)
FNDA:0,(anonymous_9)
FNDA:0,(anonymous_10)
DA:1,8
DA:3,8
DA:4,8
DA:5,8
DA:6,8
DA:8,8
DA:9,8
DA:11,8
DA:12,8
DA:13,8
DA:15,8
DA:17,8
DA:18,0
DA:21,8
DA:22,0
DA:23,0
LF:16
LH:13
BRDA:9,0,0,0
BRDA:21,1,0,0
BRF:2
BRH:0
end_of_record
TN:
SF:src/config/database.js
FNF:0
FNH:0
DA:1,10
DA:3,10
DA:5,10
LF:3
LH:3
BRF:0
BRH:0
end_of_record
TN:
SF:src/entities/drug.ts
FNF:0
FNH:0
DA:1,10
DA:4,10
DA:5,10
DA:10,10
DA:13,10
DA:16,10
DA:19,10
DA:22,10
LF:8
LH:8
BRF:0
BRH:0
end_of_record
TN:
SF:src/entities/index.ts
FNF:0
FNH:0
DA:1,10
DA:2,10
DA:4,10
DA:6,10
LF:4
LH:4
BRF:0
BRH:0
end_of_record
TN:
SF:src/entities/user.ts
FNF:0
FNH:0
DA:1,10
DA:12,10
DA:13,10
DA:18,10
DA:21,10
DA:24,10
LF:6
LH:6
BRF:0
BRH:0
end_of_record
TN:
SF:src/features/auth/controllers/index.ts
FNF:0
FNH:0
DA:1,8
DA:2,8
DA:3,8
LF:3
LH:3
BRF:0
BRH:0
end_of_record
TN:
SF:src/features/auth/controllers/login.ts
FN:6,(anonymous_7)
FN:6,(anonymous_8)
FNF:2
FNH:2
FNDA:3,(anonymous_7)
FNDA:3,(anonymous_8)
DA:2,8
DA:3,8
DA:4,8
DA:6,8
DA:7,3
DA:9,3
DA:10,3
DA:11,3
DA:13,3
DA:14,1
DA:15,1
DA:18,2
DA:23,2
DA:24,1
DA:25,1
DA:28,1
DA:29,1
DA:31,1
LF:18
LH:18
BRDA:13,0,0,1
BRDA:23,1,0,1
BRF:2
BRH:2
end_of_record
TN:
SF:src/features/auth/controllers/signup.ts
FN:4,(anonymous_7)
FN:4,(anonymous_8)
FNF:2
FNH:2
FNDA:1,(anonymous_7)
FNDA:1,(anonymous_8)
DA:2,8
DA:4,8
DA:5,1
DA:7,1
DA:9,1
DA:10,1
DA:16,1
DA:17,1
DA:19,0
LF:9
LH:8
BRF:0
BRH:0
end_of_record
TN:
SF:src/features/auth/controllers/validateToken.ts
FN:4,(anonymous_7)
FN:4,(anonymous_8)
FNF:2
FNH:2
FNDA:5,(anonymous_7)
FNDA:5,(anonymous_8)
DA:2,8
DA:4,8
DA:5,5
DA:7,5
DA:8,5
DA:10,5
LF:6
LH:6
BRDA:10,0,0,4
BRDA:10,0,1,1
BRF:2
BRH:2
end_of_record
TN:
SF:src/features/auth/fixtures/createJWT.ts
FN:6,(anonymous_13)
FN:14,(anonymous_14)
FNF:2
FNH:2
FNDA:18,(anonymous_13)
FNDA:18,(anonymous_14)
DA:1,6
DA:2,6
DA:4,6
DA:6,6
DA:14,18
DA:15,18
DA:16,18
LF:7
LH:7
BRDA:8,0,0,16
BRDA:9,1,0,17
BRDA:15,2,0,1
BRDA:15,2,1,17
BRF:4
BRH:4
end_of_record
TN:
SF:src/features/auth/fixtures/createUser.ts
FN:6,(anonymous_8)
FN:14,(anonymous_9)
FNF:2
FNH:2
FNDA:5,(anonymous_8)
FNDA:5,(anonymous_9)
DA:1,3
DA:2,3
DA:4,3
DA:6,3
DA:14,5
DA:15,5
DA:16,5
DA:17,5
DA:18,5
DA:20,5
DA:21,5
DA:23,5
DA:25,5
DA:27,5
LF:14
LH:14
BRDA:16,0,0,0
BRDA:16,0,1,5
BRDA:17,1,0,0
BRDA:17,1,1,5
BRDA:18,2,0,0
BRDA:18,2,1,5
BRF:6
BRH:3
end_of_record
TN:
SF:src/features/auth/routes/auth.ts
FN:8,(anonymous_0)
FN:13,(anonymous_1)
FNF:2
FNH:2
FNDA:8,(anonymous_0)
FNDA:8,(anonymous_1)
DA:1,8
DA:3,8
DA:4,8
DA:5,8
DA:9,8
DA:10,8
DA:14,8
DA:15,8
DA:19,8
LF:9
LH:9
BRF:0
BRH:0
end_of_record
TN:
SF:src/features/auth/routes/index.ts
FN:4,(anonymous_0)
FN:4,(anonymous_1)
FNF:2
FNH:2
FNDA:8,(anonymous_0)
FNDA:8,(anonymous_1)
DA:1,8
DA:2,8
DA:4,16
LF:3
LH:3
BRF:0
BRH:0
end_of_record
TN:
SF:src/features/auth/routes/jwt.ts
FN:6,(anonymous_0)
FN:11,(anonymous_1)
FNF:2
FNH:2
FNDA:8,(anonymous_0)
FNDA:8,(anonymous_1)
DA:1,8
DA:3,8
DA:7,8
DA:8,8
DA:12,8
DA:16,8
LF:6
LH:6
BRF:0
BRH:0
end_of_record
TN:
SF:src/features/auth/routes/middleware/loginSchemaValidator.ts
FN:12,(anonymous_1)
FNF:1
FNH:1
FNDA:5,(anonymous_1)
DA:2,8
DA:4,8
DA:6,8
DA:12,8
DA:13,5
DA:14,5
DA:16,5
DA:17,2
DA:18,2
DA:21,3
LF:10
LH:10
BRDA:16,0,0,2
BRF:1
BRH:1
end_of_record
TN:
SF:src/features/auth/routes/middleware/signupSchemaValidator.ts
FN:13,(anonymous_1)
FNF:1
FNH:1
FNDA:4,(anonymous_1)
DA:2,8
DA:4,8
DA:6,8
DA:13,8
DA:14,4
DA:15,4
DA:17,4
DA:18,3
DA:19,3
DA:22,1
LF:10
LH:10
BRDA:17,0,0,3
BRF:1
BRH:1
end_of_record
TN:
SF:src/features/auth/services/jwt.ts
FN:6,(anonymous_13)
FN:10,(anonymous_15)
FNF:2
FNH:2
FNDA:2,(anonymous_13)
FNDA:19,(anonymous_15)
DA:1,9
DA:3,9
DA:5,9
DA:7,2
DA:11,19
DA:12,19
DA:13,15
DA:15,4
LF:8
LH:8
BRDA:7,0,0,2
BRDA:7,0,1,0
BRF:2
BRH:1
end_of_record
TN:
SF:src/features/auth/services/userService.ts
FN:6,(anonymous_8)
FN:25,(anonymous_10)
FNF:2
FNH:2
FNDA:1,(anonymous_8)
FNDA:4,(anonymous_10)
DA:1,9
DA:2,9
DA:5,9
DA:15,1
DA:16,1
DA:18,1
DA:19,1
DA:21,0
DA:26,4
DA:27,4
DA:29,0
LF:11
LH:9
BRDA:27,0,0,1
BRDA:27,0,1,3
BRDA:27,1,0,4
BRDA:27,1,1,3
BRF:4
BRH:4
end_of_record
TN:
SF:src/features/drugs/controllers/addDrug.ts
FN:4,(anonymous_7)
FN:4,(anonymous_8)
FNF:2
FNH:2
FNDA:1,(anonymous_7)
FNDA:1,(anonymous_8)
DA:2,8
DA:4,8
DA:5,1
DA:7,1
DA:8,1
DA:10,1
LF:6
LH:6
BRF:0
BRH:0
end_of_record
TN:
SF:src/features/drugs/controllers/deleteDrug.ts
FN:4,(anonymous_7)
FN:4,(anonymous_8)
FNF:2
FNH:2
FNDA:2,(anonymous_7)
FNDA:2,(anonymous_8)
DA:2,8
DA:4,8
DA:5,2
DA:7,2
DA:8,2
DA:10,2
DA:22,2
LF:7
LH:7
BRF:0
BRH:0
end_of_record
TN:
SF:src/features/drugs/controllers/getDrugs.ts
FN:4,(anonymous_7)
FN:4,(anonymous_8)
FNF:2
FNH:2
FNDA:3,(anonymous_7)
FNDA:3,(anonymous_8)
DA:2,8
DA:4,8
DA:5,3
DA:7,3
DA:8,3
DA:13,3
LF:6
LH:6
BRDA:9,0,0,2
BRDA:9,0,1,1
BRDA:10,1,0,2
BRDA:10,1,1,1
BRF:4
BRH:4
end_of_record
TN:
SF:src/features/drugs/controllers/index.ts
FNF:0
FNH:0
DA:1,8
DA:2,8
DA:3,8
DA:4,8
LF:4
LH:4
BRF:0
BRH:0
end_of_record
TN:
SF:src/features/drugs/controllers/updateDrug.ts
FN:4,(anonymous_7)
FN:4,(anonymous_8)
FNF:2
FNH:2
FNDA:2,(anonymous_7)
FNDA:2,(anonymous_8)
DA:2,8
DA:4,8
DA:5,2
DA:6,2
DA:8,2
DA:9,2
DA:18,2
DA:19,1
DA:20,1
DA:23,1
LF:10
LH:10
BRDA:18,0,0,1
BRF:1
BRH:1
end_of_record
TN:
SF:src/features/drugs/fixtures/createDrug.ts
FN:5,(anonymous_8)
FN:17,(anonymous_9)
FNF:2
FNH:2
FNDA:12,(anonymous_8)
FNDA:12,(anonymous_9)
DA:1,4
DA:3,4
DA:5,4
DA:17,12
DA:18,12
DA:19,12
DA:20,12
DA:21,12
DA:22,12
DA:23,12
DA:25,12
LF:11
LH:11
BRDA:19,0,0,0
BRDA:19,0,1,12
BRDA:20,1,0,0
BRDA:20,1,1,12
BRDA:21,2,0,0
BRDA:21,2,1,12
BRDA:22,3,0,0
BRDA:22,3,1,12
BRDA:23,4,0,0
BRDA:23,4,1,12
BRF:10
BRH:5
end_of_record
TN:
SF:src/features/drugs/routes/drugs.ts
FN:8,(anonymous_0)
FN:13,(anonymous_1)
FNF:2
FNH:2
FNDA:8,(anonymous_0)
FNDA:8,(anonymous_1)
DA:1,8
DA:3,8
DA:4,8
DA:5,8
DA:9,8
DA:10,8
DA:14,8
DA:15,8
DA:16,8
DA:17,8
DA:21,8
LF:11
LH:11
BRF:0
BRH:0
end_of_record
TN:
SF:src/features/drugs/routes/index.ts
FN:3,(anonymous_0)
FNF:1
FNH:1
FNDA:8,(anonymous_0)
DA:1,8
DA:3,16
LF:2
LH:2
BRF:0
BRH:0
end_of_record
TN:
SF:src/features/drugs/routes/middleware/postSchemaValidator.ts
FN:15,(anonymous_1)
FNF:1
FNH:1
FNDA:5,(anonymous_1)
DA:2,8
DA:4,8
DA:6,8
DA:15,8
DA:20,5
DA:22,5
DA:27,5
DA:29,5
DA:30,4
DA:31,4
DA:34,1
LF:11
LH:11
BRDA:24,0,0,5
BRDA:24,0,1,0
BRDA:29,1,0,4
BRF:3
BRH:2
end_of_record
TN:
SF:src/features/drugs/routes/middleware/putSchemaValidator.ts
FN:15,(anonymous_1)
FNF:1
FNH:1
FNDA:3,(anonymous_1)
DA:2,8
DA:4,8
DA:6,8
DA:15,8
DA:20,3
DA:22,3
DA:27,3
DA:29,3
DA:30,1
DA:31,1
DA:34,2
LF:11
LH:11
BRDA:24,0,0,0
BRDA:24,0,1,3
BRDA:29,1,0,1
BRF:3
BRH:2
end_of_record
TN:
SF:src/features/drugs/services/drugs.ts
FN:4,(anonymous_8)
FN:28,(anonymous_10)
FN:46,(anonymous_12)
FN:56,(anonymous_14)
FNF:4
FNH:4
FNDA:2,(anonymous_8)
FNDA:3,(anonymous_10)
FNDA:4,(anonymous_12)
FNDA:3,(anonymous_14)
DA:1,8
DA:3,8
DA:17,2
DA:43,3
DA:53,4
DA:57,3
LF:6
LH:6
BRDA:47,0,0,1
BRDA:48,1,0,1
BRF:2
BRH:2
end_of_record
TN:
SF:src/helpers/bcrypt.ts
FN:6,(anonymous_8)
FN:10,(anonymous_10)
FNF:2
FNH:2
FNDA:6,(anonymous_8)
FNDA:2,(anonymous_10)
DA:1,10
DA:3,10
DA:5,10
DA:7,6
DA:17,2
LF:5
LH:5
BRF:0
BRH:0
end_of_record
TN:
SF:src/lib/db.ts
FN:18,(anonymous_1)
FNF:1
FNH:1
FNDA:10,(anonymous_1)
DA:1,10
DA:2,10
DA:4,10
DA:5,10
DA:6,10
DA:7,10
DA:9,10
DA:18,10
DA:19,10
DA:22,10
LF:10
LH:10
BRDA:5,0,0,10
BRDA:5,0,1,0
BRF:2
BRH:1
end_of_record
TN:
SF:src/middlewares/validateJWT.ts
FN:4,(anonymous_7)
FN:8,(anonymous_8)
FNF:2
FNH:2
FNDA:15,(anonymous_7)
FNDA:15,(anonymous_8)
DA:2,8
DA:4,8
DA:8,15
DA:9,15
DA:10,15
DA:11,2
DA:12,2
DA:15,13
DA:16,13
DA:18,13
DA:19,0
DA:20,0
DA:23,13
LF:13
LH:11
BRDA:10,0,0,2
BRDA:18,1,0,0
BRF:2
BRH:1
end_of_record
TN:
SF:src/routes/baseRoutes.ts
FN:8,(anonymous_2)
FN:12,(anonymous_3)
FNF:2
FNH:2
FNDA:24,(anonymous_2)
FNDA:24,(anonymous_3)
DA:1,8
DA:2,8
DA:5,8
DA:9,24
DA:13,24
LF:5
LH:5
BRF:0
BRH:0
end_of_record
TN:
SF:src/routes/index.ts
FNF:0
FNH:0
DA:1,8
DA:2,8
DA:4,8
DA:5,8
DA:6,8
DA:7,8
DA:9,8
DA:10,8
DA:13,8
DA:14,8
DA:17,8
DA:19,8
LF:12
LH:12
BRF:0
BRH:0
end_of_record
